2025-06-10 12:40:14,297 - __main__ - INFO - === Starting Job Tracker ===
2025-06-10 12:40:14,299 - __main__ - INFO - Scraping for date: 2025-06-10
2025-06-10 12:40:14,299 - __main__ - INFO - 
--- Scraping dev.bg ---
2025-06-10 12:40:14,299 - base_scraper.dev.bg - INFO - Starting dev.bg scraping
2025-06-10 12:40:14,299 - base_scraper.dev.bg - INFO - Scraping total jobs from https://dev.bg/
2025-06-10 12:40:14,299 - base_scraper.dev.bg - INFO - Fetching https://dev.bg/ (attempt 1)
2025-06-10 12:40:15,856 - base_scraper.dev.bg - WARNING - Could not extract job count from page
2025-06-10 12:40:15,856 - base_scraper.dev.bg - ERROR - Failed to get total job count from dev.bg
2025-06-10 12:40:15,856 - base_scraper.dev.bg - INFO - Scraping ruse jobs from https://dev.bg/ruse/
2025-06-10 12:40:15,856 - base_scraper.dev.bg - INFO - Fetching https://dev.bg/ruse/ (attempt 1)
2025-06-10 12:40:16,970 - base_scraper.dev.bg - WARNING - Could not extract job count from page
2025-06-10 12:40:16,970 - base_scraper.dev.bg - ERROR - Failed to get ruse job count from dev.bg
2025-06-10 12:40:16,970 - base_scraper.dev.bg - INFO - Scraping remote jobs from https://dev.bg/remote/
2025-06-10 12:40:16,970 - base_scraper.dev.bg - INFO - Fetching https://dev.bg/remote/ (attempt 1)
2025-06-10 12:40:18,088 - base_scraper.dev.bg - WARNING - Could not extract job count from page
2025-06-10 12:40:18,088 - base_scraper.dev.bg - ERROR - Failed to get remote job count from dev.bg
2025-06-10 12:40:18,088 - __main__ - INFO - Results for dev.bg:
2025-06-10 12:40:18,088 - __main__ - INFO -   Total: None
2025-06-10 12:40:18,088 - __main__ - INFO -   Ruse: None
2025-06-10 12:40:18,088 - __main__ - INFO -   Remote: None
2025-06-10 12:40:18,088 - __main__ - INFO - 
--- Scraping jobs.bg ---
2025-06-10 12:40:18,089 - base_scraper.jobs.bg - INFO - Starting jobs.bg scraping
2025-06-10 12:40:18,089 - base_scraper.jobs.bg - INFO - Scraping total jobs from https://www.jobs.bg/front_job_search.php?categories%5B0%5D=56
2025-06-10 12:40:18,089 - base_scraper.jobs.bg - INFO - Fetching https://www.jobs.bg/front_job_search.php?categories%5B0%5D=56 (attempt 1)
2025-06-10 12:40:18,308 - base_scraper.jobs.bg - WARNING - Request failed (attempt 1): 403 Client Error: Forbidden for url: https://www.jobs.bg/front_job_search.php?categories%5B0%5D=56
2025-06-10 12:40:19,310 - base_scraper.jobs.bg - INFO - Fetching https://www.jobs.bg/front_job_search.php?categories%5B0%5D=56 (attempt 2)
2025-06-10 12:40:19,411 - base_scraper.jobs.bg - WARNING - Request failed (attempt 2): 403 Client Error: Forbidden for url: https://www.jobs.bg/front_job_search.php?categories%5B0%5D=56
2025-06-10 12:40:21,414 - base_scraper.jobs.bg - INFO - Fetching https://www.jobs.bg/front_job_search.php?categories%5B0%5D=56 (attempt 3)
2025-06-10 12:40:21,510 - base_scraper.jobs.bg - WARNING - Request failed (attempt 3): 403 Client Error: Forbidden for url: https://www.jobs.bg/front_job_search.php?categories%5B0%5D=56
2025-06-10 12:40:21,510 - base_scraper.jobs.bg - ERROR - Failed to fetch https://www.jobs.bg/front_job_search.php?categories%5B0%5D=56 after 3 attempts
2025-06-10 12:40:21,510 - base_scraper.jobs.bg - ERROR - Failed to get total job count from jobs.bg
2025-06-10 12:40:21,510 - base_scraper.jobs.bg - INFO - Scraping ruse jobs from https://www.jobs.bg/front_job_search.php?subm=1&categories%5B%5D=56&location_sid=19
2025-06-10 12:40:21,510 - base_scraper.jobs.bg - INFO - Fetching https://www.jobs.bg/front_job_search.php?subm=1&categories%5B%5D=56&location_sid=19 (attempt 1)
2025-06-10 12:40:21,604 - base_scraper.jobs.bg - WARNING - Request failed (attempt 1): 403 Client Error: Forbidden for url: https://www.jobs.bg/front_job_search.php?subm=1&categories%5B%5D=56&location_sid=19
2025-06-10 12:40:22,609 - base_scraper.jobs.bg - INFO - Fetching https://www.jobs.bg/front_job_search.php?subm=1&categories%5B%5D=56&location_sid=19 (attempt 2)
2025-06-10 12:40:22,729 - base_scraper.jobs.bg - WARNING - Request failed (attempt 2): 403 Client Error: Forbidden for url: https://www.jobs.bg/front_job_search.php?subm=1&categories%5B%5D=56&location_sid=19
2025-06-10 12:40:24,733 - base_scraper.jobs.bg - INFO - Fetching https://www.jobs.bg/front_job_search.php?subm=1&categories%5B%5D=56&location_sid=19 (attempt 3)
2025-06-10 12:40:24,832 - base_scraper.jobs.bg - WARNING - Request failed (attempt 3): 403 Client Error: Forbidden for url: https://www.jobs.bg/front_job_search.php?subm=1&categories%5B%5D=56&location_sid=19
2025-06-10 12:40:24,832 - base_scraper.jobs.bg - ERROR - Failed to fetch https://www.jobs.bg/front_job_search.php?subm=1&categories%5B%5D=56&location_sid=19 after 3 attempts
2025-06-10 12:40:24,832 - base_scraper.jobs.bg - ERROR - Failed to get ruse job count from jobs.bg
2025-06-10 12:40:24,832 - base_scraper.jobs.bg - INFO - Scraping remote jobs from https://www.jobs.bg/front_job_search.php?subm=1&categories%5B%5D=56&is_distance_interview=1&is_distance_job=1
2025-06-10 12:40:24,832 - base_scraper.jobs.bg - INFO - Fetching https://www.jobs.bg/front_job_search.php?subm=1&categories%5B%5D=56&is_distance_interview=1&is_distance_job=1 (attempt 1)
2025-06-10 12:40:24,947 - base_scraper.jobs.bg - WARNING - Request failed (attempt 1): 403 Client Error: Forbidden for url: https://www.jobs.bg/front_job_search.php?subm=1&categories%5B%5D=56&is_distance_interview=1&is_distance_job=1
2025-06-10 12:40:25,951 - base_scraper.jobs.bg - INFO - Fetching https://www.jobs.bg/front_job_search.php?subm=1&categories%5B%5D=56&is_distance_interview=1&is_distance_job=1 (attempt 2)
2025-06-10 12:40:26,050 - base_scraper.jobs.bg - WARNING - Request failed (attempt 2): 403 Client Error: Forbidden for url: https://www.jobs.bg/front_job_search.php?subm=1&categories%5B%5D=56&is_distance_interview=1&is_distance_job=1
2025-06-10 12:40:28,055 - base_scraper.jobs.bg - INFO - Fetching https://www.jobs.bg/front_job_search.php?subm=1&categories%5B%5D=56&is_distance_interview=1&is_distance_job=1 (attempt 3)
2025-06-10 12:40:28,155 - base_scraper.jobs.bg - WARNING - Request failed (attempt 3): 403 Client Error: Forbidden for url: https://www.jobs.bg/front_job_search.php?subm=1&categories%5B%5D=56&is_distance_interview=1&is_distance_job=1
2025-06-10 12:40:28,155 - base_scraper.jobs.bg - ERROR - Failed to fetch https://www.jobs.bg/front_job_search.php?subm=1&categories%5B%5D=56&is_distance_interview=1&is_distance_job=1 after 3 attempts
2025-06-10 12:40:28,155 - base_scraper.jobs.bg - ERROR - Failed to get remote job count from jobs.bg
2025-06-10 12:40:28,155 - __main__ - INFO - Results for jobs.bg:
2025-06-10 12:40:28,155 - __main__ - INFO -   Total: None
2025-06-10 12:40:28,155 - __main__ - INFO -   Ruse: None
2025-06-10 12:40:28,155 - __main__ - INFO -   Remote: None
2025-06-10 12:40:28,157 - root - INFO - Data saved to /Volumes/external/local/patka/app/public/wp-content/plugins/it-work-Bulgaria/data/2025/June-2025.csv
2025-06-10 12:40:28,158 - __main__ - INFO - Data saved successfully to /Volumes/external/local/patka/app/public/wp-content/plugins/it-work-Bulgaria/data/2025/June-2025.csv
2025-06-10 12:40:28,211 - root - INFO - Added new file to git: /Volumes/external/local/patka/app/public/wp-content/plugins/it-work-Bulgaria/data/2025/June-2025.csv
2025-06-10 12:40:28,244 - root - INFO - Committed changes: Daily job count update for 2025-06-10
2025-06-10 12:40:29,463 - root - INFO - Pushed changes to remote repository
2025-06-10 12:40:29,463 - __main__ - INFO - Changes committed and pushed to repository
2025-06-10 12:40:29,464 - __main__ - INFO - === Job Tracker completed successfully ===
